Arguments: 
  /home/kingnegus/.nvm/versions/node/v16.17.0/bin/node /home/kingnegus/.nvm/versions/node/v16.17.0/bin/yarn install

PATH: 
  /home/kingnegus/.nvm/versions/node/v16.17.0/bin:/home/kingnegus/.pgvm/environments/current/bin:/home/kingnegus/.pgvm/bin:/usr/local/sbin:/usr/local/bin:/usr/sbin:/usr/bin:/sbin:/bin:/usr/games:/usr/local/games:/mnt/c/Program Files/WindowsApps/CanonicalGroupLimited.UbuntuonWindows_2004.2022.1.0_x64__79rhkp1fndgsc:/mnt/c/Program Files (x86)/Intel/Intel(R) Management Engine Components/iCLS/:/mnt/c/Program Files/Intel/Intel(R) Management Engine Components/iCLS/:/mnt/c/Windows/system32:/mnt/c/Windows:/mnt/c/Windows/System32/Wbem:/mnt/c/Windows/System32/WindowsPowerShell/v1.0/:/mnt/c/Program Files (x86)/Intel/Intel(R) Management Engine Components/DAL:/mnt/c/Program Files/Intel/Intel(R) Management Engine Components/DAL:/mnt/c/Program Files (x86)/Intel/Intel(R) Management Engine Components/IPT:/mnt/c/Program Files/Intel/Intel(R) Management Engine Components/IPT:/mnt/c/Program Files (x86)/NVIDIA Corporation/PhysX/Common:/mnt/c/Program Files/Intel/WiFi/bin/:/mnt/c/Program Files/Common Files/Intel/WirelessCommon/:/mnt/c/Program Files/Visual Studio Code/bin:/mnt/c/MyFiles/nvm:/mnt/c/MyFiles/nodejs:/mnt/c/WINDOWS/system32:/mnt/c/WINDOWS:/mnt/c/WINDOWS/System32/Wbem:/mnt/c/WINDOWS/System32/WindowsPowerShell/v1.0/:/mnt/c/WINDOWS/System32/OpenSSH/:/mnt/c/Program Files/dotnet/:/mnt/c/MyFiles/Redis/:/mnt/c/Program Files/NVIDIA Corporation/NVIDIA NvDLISR:/mnt/c/MyFiles/jEdit:/mnt/c/Program Files (x86)/Microsoft SQL Server/110/Tools/Binn/:/mnt/c/Program Files/Microsoft SQL Server/110/Tools/Binn/:/mnt/c/Program Files/Microsoft SQL Server/110/DTS/Binn/:/mnt/c/Program Files (x86)/Microsoft SQL Server/110/Tools/Binn/ManagementStudio/:/mnt/c/Program Files (x86)/Microsoft Visual Studio 10.0/Common7/IDE/PrivateAssemblies/:/mnt/c/Program Files (x86)/Microsoft SQL Server/110/DTS/Binn/:/mnt/c/Program Files (x86)/Common Files/Oracle/Java/javapath:/mnt/c/MyFiles/Python3.7/Scripts/:/mnt/c/MyFiles/Python3.7/:/mnt/c/MyFiles/Python2.7/Scripts/:/mnt/c/MyFiles/Python2.7/:/mnt/c/Users/Nick/AppData/Local/Microsoft/WindowsApps:/mnt/c/MyFiles/Docker:/mnt/c/MyFiles/Vagrant/bin:/mnt/c/MyFiles/Git/bin:/mnt/c/MyFiles/PostgreSQL/11/bin:/mnt/c/MyFiles/MongoDB/Server/4.0/bin:/mnt/c/MyFiles/heroku/bin:/mnt/c/MyFiles/mingw/mingw64/bin:/mnt/c/MyFiles/nssm-2.24/win32:/mnt/c/Users/Nick/AppData/Local/GitHubDesktop/bin:/mnt/c/My Programs/Java/jdk.1.8.0_202/bin:/mnt/c/Users/Nick/Desktop/maven-3.8.6/bin:/snap/bin

Yarn version: 
  1.22.19

Node version: 
  16.17.0

Platform: 
  linux x64

Trace: 
  Error: https://registry.yarnpkg.com/graceful-fs/-/graceful-fs-4.2.10.tgz: Request failed "503 Service Unavailable"
      at ResponseError.ExtendableBuiltin (/home/kingnegus/.nvm/versions/node/v16.17.0/lib/node_modules/yarn/lib/cli.js:696:66)
      at new ResponseError (/home/kingnegus/.nvm/versions/node/v16.17.0/lib/node_modules/yarn/lib/cli.js:802:124)
      at Request.<anonymous> (/home/kingnegus/.nvm/versions/node/v16.17.0/lib/node_modules/yarn/lib/cli.js:66215:16)
      at Request.emit (node:events:513:28)
      at Request.module.exports.Request.onRequestResponse (/home/kingnegus/.nvm/versions/node/v16.17.0/lib/node_modules/yarn/lib/cli.js:141767:10)
      at ClientRequest.emit (node:events:513:28)
      at HTTPParser.parserOnIncomingClient (node:_http_client:674:27)
      at HTTPParser.parserOnHeadersComplete (node:_http_common:128:17)
      at HTTPParser.execute (<anonymous>)
      at TLSSocket.socketOnData (node:_http_client:521:22)

npm manifest: 
  {
    "name": "dota_draft",
    "version": "1.0.0",
    "description": "",
    "main": "entry.js",
    "author": "Nicholas Savickas",
    "license": "MIT",
    "engines": {
      "node": "16.17.0",
      "npm": "8.15.0"
    },
    "scripts": {
      "clean": "rimraf ./dist",
      "build-server": "webpack --config ./webpack.config.server.js --env.env=production",
      "build-client": "webpack --config ./webpack.config.client.js --env.env=production",
      "start:dev": "cross-env NODE_ENV=development BABEL_DISABLE_CACHE=1 nodemon ./entry.js",
      "start:prod": "cross-env NODE_ENV=production node ./entry.js",
      "dev": "npm run clean && npm run start:dev",
      "prod": "npm run clean && npm run build-client && npm run build-server && npm run start:prod",
      "start": "node ./src/server.js",
      "test": "jest"
    },
    "dependencies": {
      "@fortawesome/fontawesome-svg-core": "1.2.26",
      "@fortawesome/free-solid-svg-icons": "5.12.0",
      "@fortawesome/react-fontawesome": "0.1.8",
      "async-redis": "1.1.7",
      "axios": "0.18.0",
      "body-parser": "1.19.0",
      "bootstrap": "4.4.1",
      "composable-middleware": "0.3.0",
      "compression": "1.7.4",
      "connected-react-router": "6.6.1",
      "cookie-parser": "1.4.4",
      "cors": "2.8.5",
      "cross-env": "6.0.3",
      "errorhandler": "1.5.1",
      "express": "4.17.1",
      "express-jwt": "5.3.1",
      "express-session": "1.17.0",
      "history": "4.10.1",
      "jsonwebtoken": "8.5.1",
      "lodash": "4.17.15",
      "method-override": "3.0.0",
      "mongoose": "5.5.12",
      "morgan": "1.9.1",
      "passport": "0.4.1",
      "passport-local": "1.0.0",
      "prop-types": "15.7.2",
      "puppeteer": "1.15.0",
      "react": "16.12.0",
      "react-bootstrap": "1.0.0-beta.16",
      "react-chartjs-2": "2.9.0",
      "react-dom": "16.12.0",
      "react-helmet": "5.2.1",
      "react-redux": "7.1.3",
      "react-router": "5.1.2",
      "react-router-bootstrap": "0.25.0",
      "react-router-dom": "5.1.2",
      "react-spinkit": "3.0.0",
      "redis": "3.0.2",
      "redux": "4.0.5",
      "redux-saga": "1.1.3",
      "rosie": "2.0.1",
      "serve-favicon": "2.5.0",
      "winston": "3.2.1"
    },
    "devDependencies": {
      "@babel/cli": "7.18.10",
      "@babel/core": "7.19.0",
      "@babel/plugin-proposal-class-properties": "7.8.3",
      "@babel/plugin-syntax-dynamic-import": "7.8.3",
      "@babel/plugin-transform-runtime": "7.9.0",
      "@babel/polyfill": "7.12.1",
      "@babel/preset-env": "7.19.0",
      "@babel/preset-react": "7.8.3",
      "@babel/register": "7.4.4",
      "@babel/runtime": "7.9.2",
      "babel-jest": "^25.4.0",
      "babel-loader": "8.0.6",
      "copy-webpack-plugin": "5.1.1",
      "css-loader": "3.4.2",
      "cssnano": "4.1.10",
      "file-loader": "5.0.2",
      "html-webpack-harddisk-plugin": "1.0.1",
      "html-webpack-plugin": "3.2.0",
      "jest": "^25.4.0",
      "json-loader": "0.5.7",
      "mini-css-extract-plugin": "0.9.0",
      "node-sass": "^6.0.0",
      "nodemon": "2.0.2",
      "postcss-cssnext": "3.1.0",
      "postcss-focus": "4.0.0",
      "postcss-loader": "3.0.0",
      "postcss-reporter": "6.0.1",
      "raw-loader": "4.0.0",
      "react-hot-loader": "4.12.18",
      "redux-devtools": "3.5.0",
      "redux-devtools-dock-monitor": "1.1.3",
      "redux-devtools-log-monitor": "1.4.0",
      "rimraf": "3.0.0",
      "sass-loader": "8.0.2",
      "style-loader": "1.1.2",
      "url-loader": "3.0.0",
      "webpack": "4.41.5",
      "webpack-cli": "3.3.10",
      "webpack-dev-middleware": "3.7.2",
      "webpack-hot-middleware": "2.25.0",
      "webpack-node-externals": "1.7.2"
    }
  }

yarn manifest: 
  No manifest

Lockfile: 
  No lockfile
